

================================
Get the Garden Data
================================


 2.8%  5.6%  8.5% 11.3% 14.1% 16.9% 19.7% 22.5% 25.4% 28.2% 31.0% 33.8% 36.6% 39.4% 42.3% 45.1% 47.9% 50.7% 53.5% 56.3% 59.2% 62.0% 64.8% 67.6% 70.4% 73.2% 76.1% 78.9% 81.7% 84.5% 87.3% 90.1% 93.0% 95.8% 98.6% 100.0%
 2.8%  5.7%  8.5% 11.3% 14.2% 17.0% 19.8% 22.7% 25.5% 28.3% 31.2% 34.0% 36.8% 39.7% 42.5% 45.3% 48.2% 51.0% 53.8% 56.7% 59.5% 62.3% 65.2% 68.0% 70.8% 73.7% 76.5% 79.3% 82.2% 85.0% 87.8% 90.7% 93.5% 96.3% 99.2% 100.0%
 2.9%  5.8%  8.8% 11.7% 14.6% 17.5% 20.5% 23.4% 26.3% 29.2% 32.2% 35.1% 38.0% 40.9% 43.9% 46.8% 49.7% 52.6% 55.6% 58.5% 61.4% 64.3% 67.3% 70.2% 73.1% 76.0% 78.9% 81.9% 84.8% 87.7% 90.6% 93.6% 96.5% 99.4% 100.0%
 3.6%  7.1% 10.7% 14.2% 17.8% 21.4% 24.9% 28.5% 32.0% 35.6% 39.1% 42.7% 46.3% 49.8% 53.4% 56.9% 60.5% 64.1% 67.6% 71.2% 74.7% 78.3% 81.9% 85.4% 89.0% 92.5% 96.1% 99.6% 100.0%
 3.6%  7.2% 10.9% 14.5% 18.1% 21.7% 25.4% 29.0% 32.6% 36.2% 39.9% 43.5% 47.1% 50.7% 54.3% 58.0% 61.6% 65.2% 68.8% 72.5% 76.1% 79.7% 83.3% 87.0% 90.6% 94.2% 97.8% 100.0%
 3.7%  7.5% 11.2% 14.9% 18.7% 22.4% 26.1% 29.9% 33.6% 37.3% 41.0% 44.8% 48.5% 52.2% 56.0% 59.7% 63.4% 67.2% 70.9% 74.6% 78.4% 82.1% 85.8% 89.6% 93.3% 97.0% 100.0%
 4.0%  8.1% 12.1% 16.2% 20.2% 24.3% 28.3% 32.4% 36.4% 40.5% 44.5% 48.6% 52.6% 56.7% 60.7% 64.8% 68.8% 72.9% 76.9% 81.0% 85.0% 89.1% 93.1% 97.2% 100.0%
 4.2%  8.4% 12.6% 16.7% 20.9% 25.1% 29.3% 33.5% 37.7% 41.8% 46.0% 50.2% 54.4% 58.6% 62.8% 66.9% 71.1% 75.3% 79.5% 83.7% 87.9% 92.1% 96.2% 100.0%
 4.4%  8.7% 13.1% 17.5% 21.8% 26.2% 30.6% 34.9% 39.3% 43.7% 48.0% 52.4% 56.8% 61.1% 65.5% 69.9% 74.2% 78.6% 83.0% 87.3% 91.7% 96.1% 100.0%
 4.4%  8.7% 13.1% 17.5% 21.8% 26.2% 30.6% 34.9% 39.3% 43.7% 48.0% 52.4% 56.8% 61.1% 65.5% 69.9% 74.2% 78.6% 83.0% 87.3% 91.7% 96.1% 100.0%
 4.4%  8.9% 13.3% 17.8% 22.2% 26.7% 31.1% 35.6% 40.0% 44.4% 48.9% 53.3% 57.8% 62.2% 66.7% 71.1% 75.6% 80.0% 84.4% 88.9% 93.3% 97.8% 100.0%
 4.5%  9.0% 13.6% 18.1% 22.6% 27.1% 31.7% 36.2% 40.7% 45.2% 49.8% 54.3% 58.8% 63.3% 67.9% 72.4% 76.9% 81.4% 86.0% 90.5% 95.0% 99.5% 100.0%
 4.7%  9.4% 14.1% 18.8% 23.5% 28.2% 32.9% 37.6% 42.3% 46.9% 51.6% 56.3% 61.0% 65.7% 70.4% 75.1% 79.8% 84.5% 89.2% 93.9% 98.6% 100.0%
 4.8%  9.6% 14.4% 19.2% 24.0% 28.8% 33.7% 38.5% 43.3% 48.1% 52.9% 57.7% 62.5% 67.3% 72.1% 76.9% 81.7% 86.5% 91.3% 96.2% 100.0%
 4.8%  9.6% 14.4% 19.2% 24.0% 28.8% 33.7% 38.5% 43.3% 48.1% 52.9% 57.7% 62.5% 67.3% 72.1% 76.9% 81.7% 86.5% 91.3% 96.2% 100.0%
 4.9%  9.8% 14.6% 19.5% 24.4% 29.3% 34.1% 39.0% 43.9% 48.8% 53.7% 58.5% 63.4% 68.3% 73.2% 78.0% 82.9% 87.8% 92.7% 97.6% 100.0%
 5.0%  9.9% 14.9% 19.8% 24.8% 29.7% 34.7% 39.6% 44.6% 49.5% 54.5% 59.4% 64.4% 69.3% 74.3% 79.2% 84.2% 89.1% 94.1% 99.0% 100.0%
 5.0% 10.1% 15.1% 20.1% 25.1% 30.2% 35.2% 40.2% 45.2% 50.3% 55.3% 60.3% 65.3% 70.4% 75.4% 80.4% 85.4% 90.5% 95.5% 100.0%
 5.1% 10.2% 15.3% 20.4% 25.5% 30.6% 35.7% 40.8% 45.9% 51.0% 56.1% 61.2% 66.3% 71.4% 76.5% 81.6% 86.7% 91.8% 96.9% 100.0%
 5.2% 10.3% 15.5% 20.6% 25.8% 30.9% 36.1% 41.2% 46.4% 51.5% 56.7% 61.9% 67.0% 72.2% 77.3% 82.5% 87.6% 92.8% 97.9% 100.0%
 5.2% 10.4% 15.6% 20.8% 26.0% 31.2% 36.5% 41.7% 46.9% 52.1% 57.3% 62.5% 67.7% 72.9% 78.1% 83.3% 88.5% 93.8% 99.0% 100.0%
 5.2% 10.4% 15.6% 20.8% 26.0% 31.2% 36.5% 41.7% 46.9% 52.1% 57.3% 62.5% 67.7% 72.9% 78.1% 83.3% 88.5% 93.8% 99.0% 100.0%
 5.3% 10.6% 16.0% 21.3% 26.6% 31.9% 37.2% 42.6% 47.9% 53.2% 58.5% 63.8% 69.1% 74.5% 79.8% 85.1% 90.4% 95.7% 100.0%
 5.3% 10.6% 16.0% 21.3% 26.6% 31.9% 37.2% 42.6% 47.9% 53.2% 58.5% 63.8% 69.1% 74.5% 79.8% 85.1% 90.4% 95.7% 100.0%
 5.3% 10.6% 16.0% 21.3% 26.6% 31.9% 37.2% 42.6% 47.9% 53.2% 58.5% 63.8% 69.1% 74.5% 79.8% 85.1% 90.4% 95.7% 100.0%
 5.4% 10.8% 16.1% 21.5% 26.9% 32.3% 37.6% 43.0% 48.4% 53.8% 59.1% 64.5% 69.9% 75.3% 80.6% 86.0% 91.4% 96.8% 100.0%
 5.4% 10.9% 16.3% 21.7% 27.2% 32.6% 38.0% 43.5% 48.9% 54.3% 59.8% 65.2% 70.7% 76.1% 81.5% 87.0% 92.4% 97.8% 100.0%
 5.4% 10.9% 16.3% 21.7% 27.2% 32.6% 38.0% 43.5% 48.9% 54.3% 59.8% 65.2% 70.7% 76.1% 81.5% 87.0% 92.4% 97.8% 100.0%
 5.5% 11.0% 16.5% 22.0% 27.5% 33.0% 38.5% 44.0% 49.5% 54.9% 60.4% 65.9% 71.4% 76.9% 82.4% 87.9% 93.4% 98.9% 100.0%
 5.5% 11.0% 16.6% 22.1% 27.6% 33.1% 38.7% 44.2% 49.7% 55.2% 60.8% 66.3% 71.8% 77.3% 82.9% 88.4% 93.9% 99.4% 100.0%
 5.7% 11.5% 17.2% 23.0% 28.7% 34.5% 40.2% 46.0% 51.7% 57.5% 63.2% 69.0% 74.7% 80.5% 86.2% 92.0% 97.7% 100.0%
 5.8% 11.6% 17.3% 23.1% 28.9% 34.7% 40.5% 46.2% 52.0% 57.8% 63.6% 69.4% 75.1% 80.9% 86.7% 92.5% 98.3% 100.0%
 5.8% 11.6% 17.4% 23.3% 29.1% 34.9% 40.7% 46.5% 52.3% 58.1% 64.0% 69.8% 75.6% 81.4% 87.2% *** Error on image 12045_l.jpg *** 93.0% 98.8% 100.0%
 5.8% 11.6% 17.4% 23.3% 29.1% 34.9% 40.7% 46.5% 52.3% 58.1% 64.0% 69.8% 75.6% 81.4% 87.2% 93.0% 98.8% 100.0%
 6.0% 11.9% 17.9% 23.8% 29.8% 35.7% 41.7% 47.6% 53.6% 59.5% 65.5% 71.4% 77.4% 83.3% 89.3% 95.2% 100.0%


================================
Get the Garden Graph
================================


Weight_Variable  Parametes  [11, 11, 3, 32] , Count : 11616
Weight_Variable  Parametes  [5, 5, 32, 64] , Count : 51200
Weight_Variable  Parametes  [3, 3, 64, 64] , Count : 36864
Weight_Variable  Parametes  [3, 3, 64, 64] , Count : 36864
Weight_Variable  Parametes  [64, 35] , Count : 2240


================================
Show the graph sizes for
processing a batch of 4 images
================================


     (4, 120, 120, 3) batch_normalization/cond/Merge:0
     (4, 22, 22, 32) conv_relu:0
     (4, 18, 18, 64) conv_relu_1:0
     (4, 9, 9, 64) MaxPool:0
     (4, 7, 7, 64) conv_relu_2:0
     (4, 5, 5, 64) conv_3:0
     (4, 1, 1, 64) MaxPool_1:0
     (4, 64) image_to_vector:0
     (4, 64) dropout/mul:0
     (4, 35) label_out:0


================================
Define the training cycle
================================




================================
Do 500 training Epochs
================================


epoch 0 error 0.940000001341 loss 3.496   test error 0.955714289099 loss 3.56542
epoch 5 error 0.920000001788 loss 3.20608   test error 0.928571425378 loss 3.30927
epoch 10 error 0.880000002682 loss 3.32357   test error 0.89571429044 loss 3.19519
epoch 15 error 0.920000001788 loss 3.14061   test error 0.898571439087 loss 3.14015
epoch 20 error 0.90000000596 loss 3.16775   test error 0.892857149243 loss 3.1111
epoch 25 error 0.840000003576 loss 2.977   test error 0.890000008047 loss 3.10965
epoch 30 error 0.820000007749 loss 3.12797   test error 0.884285718203 loss 3.04687
epoch 35 error 0.859999999404 loss 2.94928   test error 0.877142861485 loss 3.03017
epoch 40 error 0.820000007749 loss 3.11831   test error 0.874285727739 loss 3.01303
epoch 45 error 0.920000001788 loss 3.15484   test error 0.878571428359 loss 2.99341
epoch 50 error 0.820000007749 loss 2.92949   test error 0.855714291334 loss 2.97716
epoch 55 error 0.819999992847 loss 2.83349   test error 0.840000003576 loss 2.9545
epoch 60 error 0.820000007749 loss 3.04847   test error 0.840000003576 loss 2.9328
epoch 65 error 0.840000003576 loss 2.92357   test error 0.84571428597 loss 2.92386
epoch 70 error 0.880000002682 loss 2.83968   test error 0.824285715818 loss 2.89913
epoch 75 error 0.820000007749 loss 2.91133   test error 0.822857141495 loss 2.88082
epoch 80 error 0.760000005364 loss 2.67388   test error 0.821428582072 loss 2.8693
epoch 85 error 0.860000014305 loss 2.90418   test error 0.815714269876 loss 2.8506
epoch 90 error 0.820000007749 loss 3.00075   test error 0.827142864466 loss 2.86712
epoch 95 error 0.820000007749 loss 2.76182   test error 0.80428570509 loss 2.81848
epoch 100 error 0.960000000894 loss 3.06179   test error 0.819999992847 loss 2.84675
epoch 105 error 0.719999998808 loss 2.65392   test error 0.798571437597 loss 2.80223
epoch 110 error 0.90000000596 loss 2.78884   test error 0.798571422696 loss 2.79572
epoch 115 error 0.780000001192 loss 2.69604   test error 0.801428586245 loss 2.79103
epoch 120 error 0.820000007749 loss 2.79998   test error 0.802857145667 loss 2.78051
epoch 125 error 0.719999998808 loss 2.79294   test error 0.782857134938 loss 2.75976
epoch 130 error 0.820000007749 loss 2.71419   test error 0.800000011921 loss 2.77233
epoch 135 error 0.800000011921 loss 2.76077   test error 0.797142863274 loss 2.76161
epoch 140 error 0.760000020266 loss 2.67861   test error 0.792857155204 loss 2.74466
epoch 145 error 0.79999999702 loss 2.76546   test error 0.782857164741 loss 2.76019
epoch 150 error 0.800000011921 loss 2.78064   test error 0.785714283586 loss 2.75051
epoch 155 error 0.780000001192 loss 2.71695   test error 0.780000001192 loss 2.7523
epoch 160 error 0.740000009537 loss 2.4305   test error 0.774285718799 loss 2.75893
epoch 165 error 0.700000017881 loss 2.43954   test error 0.79142858088 loss 2.72826
epoch 170 error 0.640000015497 loss 2.40669   test error 0.761428579688 loss 2.70956
epoch 175 error 0.820000007749 loss 2.71654   test error 0.768571436405 loss 2.71605
epoch 180 error 0.740000009537 loss 2.44775   test error 0.778571426868 loss 2.74135
epoch 185 error 0.820000007749 loss 2.58491   test error 0.758571445942 loss 2.71091
epoch 190 error 0.600000023842 loss 2.26137   test error 0.775714293122 loss 2.71667
epoch 195 error 0.539999991655 loss 2.11719   test error 0.757142886519 loss 2.74589
epoch 200 error 0.719999998808 loss 2.54906   test error 0.767142862082 loss 2.73793
epoch 205 error 0.639999985695 loss 2.26507   test error 0.762857139111 loss 2.73166
epoch 210 error 0.660000026226 loss 2.29828   test error 0.768571436405 loss 2.72456
epoch 215 error 0.72000002861 loss 2.42437   test error 0.762857139111 loss 2.73857
epoch 220 error 0.639999985695 loss 2.21006   test error 0.778571426868 loss 2.70771
epoch 225 error 0.72000002861 loss 2.60455   test error 0.762857154012 loss 2.71156
epoch 230 error 0.72000002861 loss 2.2811   test error 0.751428589225 loss 2.72714
epoch 235 error 0.680000007153 loss 2.02576   test error 0.742857158184 loss 2.73961
epoch 240 error 0.600000023842 loss 2.29837   test error 0.752857148647 loss 2.73168
epoch 245 error 0.580000013113 loss 1.91447   test error 0.747142851353 loss 2.72352
epoch 250 error 0.480000019073 loss 1.93898   test error 0.775714293122 loss 2.76406
epoch 255 error 0.620000004768 loss 2.09535   test error 0.75428570807 loss 2.75798
epoch 260 error 0.660000026226 loss 2.36559   test error 0.754285737872 loss 2.74892
epoch 265 error 0.680000007153 loss 2.16504   test error 0.75 loss 2.79908
epoch 270 error 0.680000007153 loss 2.10681   test error 0.747142851353 loss 2.74941
epoch 275 error 0.699999988079 loss 2.28514   test error 0.752857163548 loss 2.79976
epoch 280 error 0.659999996424 loss 2.21966   test error 0.765714287758 loss 2.77655
epoch 285 error 0.639999985695 loss 2.13493   test error 0.747142851353 loss 2.7974
epoch 290 error 0.540000021458 loss 1.83615   test error 0.74142858386 loss 2.80972
epoch 295 error 0.5 loss 1.67767   test error 0.75 loss 2.80053
epoch 300 error 0.660000026226 loss 2.05182   test error 0.751428589225 loss 2.81767
epoch 305 error 0.500000029802 loss 1.71485   test error 0.748571425676 loss 2.84679
epoch 310 error 0.700000017881 loss 2.05986   test error 0.751428574324 loss 2.8372
epoch 315 error 0.600000023842 loss 2.15001   test error 0.755714297295 loss 2.82385
epoch 320 error 0.72000002861 loss 2.15915   test error 0.762857154012 loss 2.90684
epoch 325 error 0.540000021458 loss 2.03295   test error 0.751428574324 loss 2.90393
epoch 330 error 0.620000004768 loss 2.08651   test error 0.758571431041 loss 2.8664
epoch 335 error 0.620000034571 loss 2.00648   test error 0.76571431756 loss 2.87203
epoch 340 error 0.59999999404 loss 1.78684   test error 0.747142851353 loss 2.91548
epoch 345 error 0.520000010729 loss 1.57704   test error 0.754285722971 loss 2.88827
epoch 350 error 0.420000016689 loss 1.60736   test error 0.75 loss 2.94629
epoch 355 error 0.399999976158 loss 1.35909   test error 0.752857148647 loss 2.94943
epoch 360 error 0.660000026226 loss 2.02528   test error 0.748571425676 loss 2.93179
epoch 365 error 0.520000010729 loss 1.61851   test error 0.742857158184 loss 2.88162
epoch 370 error 0.5 loss 1.9177   test error 0.75 loss 2.95203
epoch 375 error 0.660000026226 loss 2.20629   test error 0.758571431041 loss 2.93819
epoch 380 error 0.639999985695 loss 1.8828   test error 0.744285732508 loss 2.96543
epoch 385 error 0.460000038147 loss 1.71327   test error 0.758571431041 loss 2.9869
epoch 390 error 0.420000016689 loss 1.57416   test error 0.748571425676 loss 3.00469
epoch 395 error 0.420000016689 loss 1.42725   test error 0.742857158184 loss 3.01319
epoch 400 error 0.520000040531 loss 1.67185   test error 0.744285702705 loss 2.99621
epoch 405 error 0.480000019073 loss 1.68535   test error 0.754285722971 loss 3.02496
epoch 410 error 0.519999980927 loss 1.85796   test error 0.749999970198 loss 3.00188
epoch 415 error 0.640000015497 loss 1.67821   test error 0.748571455479 loss 3.09026
epoch 420 error 0.540000021458 loss 1.7603   test error 0.752857148647 loss 3.05549
epoch 425 error 0.400000035763 loss 1.36207   test error 0.761428579688 loss 3.14545
epoch 430 error 0.580000013113 loss 1.76202   test error 0.755714282393 loss 3.06045
epoch 435 error 0.520000040531 loss 1.44546   test error 0.757142871618 loss 3.06014
epoch 440 error 0.5 loss 1.92487   test error 0.757142856717 loss 3.0552
epoch 445 error 0.639999985695 loss 2.05044   test error 0.74142858386 loss 3.12195
epoch 450 error 0.460000038147 loss 1.3263   test error 0.75 loss 3.15827
epoch 455 error 0.379999995232 loss 1.40094   test error 0.747142851353 loss 3.16198
epoch 460 error 0.420000016689 loss 1.45859   test error 0.751428574324 loss 3.15227
epoch 465 error 0.480000019073 loss 1.62171   test error 0.75428570807 loss 3.14068
epoch 470 error 0.360000014305 loss 1.26283   test error 0.750000014901 loss 3.16363
epoch 475 error 0.580000013113 loss 1.77795   test error 0.768571436405 loss 3.15473
epoch 480 error 0.419999957085 loss 1.3262   test error 0.755714282393 loss 3.21618
epoch 485 error 0.540000021458 loss 1.68094   test error 0.762857154012 loss 3.23057
epoch 490 error 0.5 loss 1.57761   test error 0.747142851353 loss 3.37054
epoch 495 error 0.320000052452 loss 1.1545   test error 0.75857141614 loss 3.19573


================================
Show the confusion matrix
================================




================================
How close were the estimates
================================


392 / 700  = 56.0 % are in the top 5
This is the breakdown (position 5 = top , position 0 = flop) :
    position 0 count 308
    position 1 count 46
    position 2 count 40
    position 3 count 55
    position 4 count 84
    position 5 count 167
The most accurate labels are : ['daisy' 'bromeliad' 'dieffenbachia' 'cyclamen' 'lantana' 'dracaena'
 'pothos' 'ivy' 'maple' 'oak']


================================
Save the model to disk
================================


